[2018-09-13 17:51:24.111] [c.xiaoquer.tinytools.mail.MailSender:71  ] - 邮件发送失败,发件人(nicholas.qu@mi-me.com) ,收件人(钱雁), 抄送(nicholas.qu@mi-me.com), 标题(技术级别及积分累计-钱雁)
org.apache.commons.mail.EmailException: javax.mail.internet.AddressException: Local address contains control or whitespace in string ``钱雁''
	at org.apache.commons.mail.Email.createInternetAddress(Email.java:1920) ~[commons-email-1.4.jar:1.4]
	at org.apache.commons.mail.Email.addTo(Email.java:838) ~[commons-email-1.4.jar:1.4]
	at org.apache.commons.mail.Email.addTo(Email.java:821) ~[commons-email-1.4.jar:1.4]
	at org.apache.commons.mail.Email.addTo(Email.java:797) ~[commons-email-1.4.jar:1.4]
	at cc.xiaoquer.tinytools.mail.MailSender$1.call(MailSender.java:55) [classes/:na]
	at cc.xiaoquer.tinytools.mail.MailSender$1.call(MailSender.java:40) [classes/:na]
	at java.util.concurrent.FutureTask.run(FutureTask.java:266) [na:1.8.0_152-ea]
	at java.util.concurrent.ThreadPoolExecutor.runWorker(ThreadPoolExecutor.java:1142) [na:1.8.0_152-ea]
	at java.util.concurrent.ThreadPoolExecutor$Worker.run(ThreadPoolExecutor.java:617) [na:1.8.0_152-ea]
	at java.lang.Thread.run(Thread.java:748) [na:1.8.0_152-ea]
Caused by: javax.mail.internet.AddressException: Local address contains control or whitespace
	at javax.mail.internet.InternetAddress.checkAddress(InternetAddress.java:1213) ~[mail-1.4.7.jar:1.4.7]
	at javax.mail.internet.InternetAddress.parse(InternetAddress.java:1091) ~[mail-1.4.7.jar:1.4.7]
	at javax.mail.internet.InternetAddress.parse(InternetAddress.java:633) ~[mail-1.4.7.jar:1.4.7]
	at javax.mail.internet.InternetAddress.<init>(InternetAddress.java:111) ~[mail-1.4.7.jar:1.4.7]
	at org.apache.commons.mail.Email.createInternetAddress(Email.java:1895) ~[commons-email-1.4.jar:1.4]
	... 9 common frames omitted
[2018-09-13 17:51:47.902] [c.xiaoquer.tinytools.mail.MailSender:71  ] - 邮件发送失败,发件人(nicholas.qu@mi-me.com) ,收件人(nicholas.qu@mi-me.com), 抄送(nicholas.qu@mi-me.com), 标题(技术级别及积分累计-钱雁)
org.apache.commons.mail.EmailException: Sending the email to the following server failed : smtp.exmail.qq.com:25
	at org.apache.commons.mail.Email.sendMimeMessage(Email.java:1421) ~[commons-email-1.4.jar:1.4]
	at org.apache.commons.mail.Email.send(Email.java:1448) ~[commons-email-1.4.jar:1.4]
	at cc.xiaoquer.tinytools.mail.MailSender$1.call(MailSender.java:65) [classes/:na]
	at cc.xiaoquer.tinytools.mail.MailSender$1.call(MailSender.java:40) [classes/:na]
	at java.util.concurrent.FutureTask.run(FutureTask.java:266) [na:1.8.0_152-ea]
	at java.util.concurrent.ThreadPoolExecutor.runWorker(ThreadPoolExecutor.java:1142) [na:1.8.0_152-ea]
	at java.util.concurrent.ThreadPoolExecutor$Worker.run(ThreadPoolExecutor.java:617) [na:1.8.0_152-ea]
	at java.lang.Thread.run(Thread.java:748) [na:1.8.0_152-ea]
Caused by: javax.mail.AuthenticationFailedException: 535 Error: authentication failed, system busy

	at com.sun.mail.smtp.SMTPTransport$Authenticator.authenticate(SMTPTransport.java:826) ~[mail-1.4.7.jar:1.4.7]
	at com.sun.mail.smtp.SMTPTransport.authenticate(SMTPTransport.java:761) ~[mail-1.4.7.jar:1.4.7]
	at com.sun.mail.smtp.SMTPTransport.protocolConnect(SMTPTransport.java:685) ~[mail-1.4.7.jar:1.4.7]
	at javax.mail.Service.connect(Service.java:317) ~[mail-1.4.7.jar:1.4.7]
	at javax.mail.Service.connect(Service.java:176) ~[mail-1.4.7.jar:1.4.7]
	at javax.mail.Service.connect(Service.java:125) ~[mail-1.4.7.jar:1.4.7]
	at javax.mail.Transport.send0(Transport.java:194) ~[mail-1.4.7.jar:1.4.7]
	at javax.mail.Transport.send(Transport.java:124) ~[mail-1.4.7.jar:1.4.7]
	at org.apache.commons.mail.Email.sendMimeMessage(Email.java:1411) ~[commons-email-1.4.jar:1.4]
	... 7 common frames omitted
[2018-09-13 17:52:12.459] [c.xiaoquer.tinytools.mail.MailSender:71  ] - 邮件发送失败,发件人(nicholas.qu@mi-me.com) ,收件人(nicholas.qu@mi-me.com), 抄送(nicholas.qu@mi-me.com), 标题(技术级别及积分累计-钱雁)
org.apache.commons.mail.EmailException: Sending the email to the following server failed : smtp.exmail.qq.com:25
	at org.apache.commons.mail.Email.sendMimeMessage(Email.java:1421) ~[commons-email-1.4.jar:1.4]
	at org.apache.commons.mail.Email.send(Email.java:1448) ~[commons-email-1.4.jar:1.4]
	at cc.xiaoquer.tinytools.mail.MailSender$1.call(MailSender.java:65) [classes/:na]
	at cc.xiaoquer.tinytools.mail.MailSender$1.call(MailSender.java:40) [classes/:na]
	at java.util.concurrent.FutureTask.run(FutureTask.java:266) [na:1.8.0_152-ea]
	at java.util.concurrent.ThreadPoolExecutor.runWorker(ThreadPoolExecutor.java:1142) [na:1.8.0_152-ea]
	at java.util.concurrent.ThreadPoolExecutor$Worker.run(ThreadPoolExecutor.java:617) [na:1.8.0_152-ea]
	at java.lang.Thread.run(Thread.java:748) [na:1.8.0_152-ea]
Caused by: javax.mail.AuthenticationFailedException: 535 Error: authentication failed, system busy

	at com.sun.mail.smtp.SMTPTransport$Authenticator.authenticate(SMTPTransport.java:826) ~[mail-1.4.7.jar:1.4.7]
	at com.sun.mail.smtp.SMTPTransport.authenticate(SMTPTransport.java:761) ~[mail-1.4.7.jar:1.4.7]
	at com.sun.mail.smtp.SMTPTransport.protocolConnect(SMTPTransport.java:685) ~[mail-1.4.7.jar:1.4.7]
	at javax.mail.Service.connect(Service.java:317) ~[mail-1.4.7.jar:1.4.7]
	at javax.mail.Service.connect(Service.java:176) ~[mail-1.4.7.jar:1.4.7]
	at javax.mail.Service.connect(Service.java:125) ~[mail-1.4.7.jar:1.4.7]
	at javax.mail.Transport.send0(Transport.java:194) ~[mail-1.4.7.jar:1.4.7]
	at javax.mail.Transport.send(Transport.java:124) ~[mail-1.4.7.jar:1.4.7]
	at org.apache.commons.mail.Email.sendMimeMessage(Email.java:1411) ~[commons-email-1.4.jar:1.4]
	... 7 common frames omitted
